1741658996496:q "summarize each chapter"
1741659033776:q "the solr in action book"
1741700779176:q "summarize each chapter"
1741700806202:stacktrace
1741700836937:q "summarize each chapter"
1741701515364:q "summarize the content"
1741701582466:q "what is solr"
1741702252612:q "summarize each chapter of the book"
1741702294237:stacktrace
1741702351607:q "summarize each chapter"
1741702385869:q "summarize each chapter of solr in action"
1741702685462:q "summarize contents of chapter 1"
1741702827775:q "please summarize the chapter 1 of solr in action - introduction to solr"
1741702976898:q "summarize introduction to solr chapter"
1741703087563:stacktrace
1741703855360:q "summarize chapter 1 - introduction to solr "
1741703919308:q "summarize chapter introduction to solr"
1741704096853:stacktrace
1741704248635:q "summarize chapter on introduction to solr"
1741704303360:q "what is solr"
1741704400202:stacktrace
1741705119644:q "what is solr"
1741705157815:stacktrace
1741705198223:q "what is solr"
1741705262912:q "summarize introduction to solr chapter from the book"
1741705970483:q "summarize introduction to solr chapter"
1741706668239:q "summarize chapter 2 getting to know solr"
1741707247444:q "explain how solr uses inverted index"
1741707350976:q "explain how solr actually uses inverted index"
1741707387771:q "explain how solr uses inverted index from chapter 3"
1741707480243:q "what about term positions"
1741707595836:q "summarize the relevancy section of chapter 3"
1741707648421:q "explain how solr uses inverted index from chapter 3"
1741707678134:q "summarize relevancy section of chapter 3"
1741708028817:stacktrace
1741708459231:q "summarize relevancy from chapter 3"
1741708674309:q "summarize section on relevancy from chapter Searching, matching, and finding content"
1741708945530:q "explain how to optimize for precision vs recall from chapter on Searching, matching, and finding content "
1741709523725:q "explain how sharding works in solr"
1741709665957:stacktrace
1741710142232:q "summarize chapter Searching, matching, and finding content"
1741710460621:q "summarize content from chapter on searching, matching and finding content"
1741710485448:stacktrace
1741710539953:q "summarize chapter on Searching, matching, and finding content"
1741711363819:q "summarize chapter 3 Key Solr concepts"
1741711509211:q "from the book Solr in Action explain concept of sharding"
1741734704009:q "Summarize chapter 4 - Configuring Solr"
1741734885387:q "please explain solrconfig.xml"
1741743458056:q "from chapter 4 - configuring solr, tell me all there is to know about cache"
1741743885723:q "how does spellcheck work in solr"
1741744622167:q "how does faceting work"
1741744700116:q "but how are facets identified"
1741744891198:q "how does highlighting work"
1741745065481:q "how does autocomplete work"
1741745206762:q "what fields does solr look at to provide autocomplete suggestions"
1741808999136:q "how does more like this work"
1741809036097:q "yes"
1741809069830:q
1741809564629:q "what is near real time search"
1741809630347:q "i am asking about nrt"
1741809662807:q "near real-time (NRT) search"
1741809676115:q "explain what is near real-time (NRT) search"
1741810014397:q "when would i use solrj vs lucene directly in my application"
1741833557863:q "what is end of life for solr versions"
1741833788465:q
1741833796494:q "what is eol for solr"
1741833814599:q "get end of life for solr"
1741833915380:q "get the eol dates for solr"
1741833976534:q "get end of life information for solr"
1741834097832:q "solr end of life dates"
1741834122168:q "get the end of life dates for apache solr"
1741834800944:q "get end of life dates for solr"
1741834818994:stacktrace
1741835167982:q "end of life dates for solr"
1741835193421:stacktrace
1741835235249:q "eol for solr"
1741835246855:q "end of life dates for solr"
1741889549415:q "how do you upgrade solr in production"
1741889579728:q "what is the end of life for solr"
1741889588777:stacktrace
1741889769617:q "what is the end of life date for solr"
1741889825108:q "eol date for solr"
1741889963627:q "eol dates for solr"
1741890124974:q "give me eol information for solr"
1741890171374:q "give me end of life information for solr"
1741890255634:q "end of life information for solr"
1741890278092:q "give me end of life information for solr"
1741890480459:q "eol information for solr"
1741906195186:q "what is end of life of apache solr"
1741906321647:q "what is end of life of solr"
1741906452324:q "get me the end of life information for solr"
1741906465023:stacktrace
1741906488990:q "get me end of life information for solr"
1741906511304:q "what is end of life of solr"
1741915251830:q "what is the end of life information for solr"
1741915282739:q "what is end of life for solr"
1741915328910:q "end of life for solr"
1741915504499:q "get end of life information for solr"
1741916021595:q "get the end of life info for solr"
1741916052380:q "get me the end of life information for solr"
1741916082843:q "get end of life information for apache solr"
1741916106692:q "get end of life information for solr"
1741916558764:q "get the end of life information for spring boot"
1741916608692:q "get end of life information for spring boot"
1741916877902:q "get the end of life information for spring boot"
1741917258504:q "get end of life information for spring boot"
1741917275855:stacktrace
1741917381039:q "get end of life information for spring boot"
1741917406680:stacktrace
1741917436922:q "get end of life information for spring boot"
1741918374812:q "get the end of life information for spring boot"
1741918402879:q "get end of life information for spring boot"
1741918455592:q "get end of life info for solr"
1741918470675:q "get end of life information for solr"
1741918486782:q "get eol for solr"
1741918519046:q "Get end of life (eol) information for solr"
1741918773769:q "get end of life information for solr"
1741918819481:stacktrace
1741918868037:q "get end of life information for solr"
1741919101701:q "get end of life information for spring boot"
1741919134739:q "get end of life information for solr"
1741919256792:q "get end of life information for gradle"
1741919686497:q "get end of life for solr"
1741919710455:q "get end of life information for solr"
1741919772679:q "get end of life information for spring boot"
1741987367855:q "get end of life information for solr"
1741987410052:q "get end of life information for spring boot"
1741987797184:q "end of life information for solr"
1741987814308:q "get end of life information for solr"
1741988249703:q "get the end of life information for solr"
1741988270039:q "get end of life information for solr"
1741988316429:q "get end of life response for spring boot"
1741988369628:q "end of life information for gradle"
1741988461280:q "give end of life information for spring boot"
1741988761906:eol "get eol for solr"
1741988811700:eol "get end of life information for solr"
1741988948720:q "get end of life information for solr"
1741988977858:q "get end of life eol information for solr"
1741988990113:eol "get end of life information for solr"
1741991196213:eol "get eol for solr"
1741991473134:eol "get end of life information for spring bot"
1741991485410:eol "get end of life information for spring boot"
